# JRE version: OpenJDK Runtime Environment (8.0_152-b06) (build 1.8.0_152-release-1136-b06)
# Java VM: OpenJDK 64-Bit Server VM (25.152-b06 mixed mode windows-amd64 compressed oops)
Heap:
 PSYoungGen      total 133632K, used 101023K [0x00000000e0000000, 0x00000000eb180000, 0x0000000100000000)
  eden space 123392K, 73% used [0x00000000e0000000,0x00000000e58a84e8,0x00000000e7880000)
  from space 10240K, 99% used [0x00000000e7880000,0x00000000e827fa98,0x00000000e8280000)
  to   space 14848K, 0% used [0x00000000ea300000,0x00000000ea300000,0x00000000eb180000)
 ParOldGen       total 51712K, used 26575K [0x00000000a0000000, 0x00000000a3280000, 0x00000000e0000000)
  object space 51712K, 51% used [0x00000000a0000000,0x00000000a19f3ff8,0x00000000a3280000)
 Metaspace       used 55353K, capacity 56860K, committed 57088K, reserved 1097728K
  class space    used 7520K, capacity 7921K, committed 7936K, reserved 1048576K
GC Heap History (10 events):
Event: 14.246 GC heap before
{Heap before GC invocations=11 (full 1):
 PSYoungGen      total 71680K, used 71444K [0x00000000e0000000, 0x00000000e6780000, 0x0000000100000000)
  eden space 64512K, 100% used [0x00000000e0000000,0x00000000e3f00000,0x00000000e3f00000)
  from space 7168K, 96% used [0x00000000e3f00000,0x00000000e45c5290,0x00000000e4600000)
  to   space 7680K, 0% used [0x00000000e6000000,0x00000000e6000000,0x00000000e6780000)
 ParOldGen       total 32256K, used 8221K [0x00000000a0000000, 0x00000000a1f80000, 0x00000000e0000000)
  object space 32256K, 25% used [0x00000000a0000000,0x00000000a0807418,0x00000000a1f80000)
 Metaspace       used 29948K, capacity 30334K, committed 30464K, reserved 1075200K
  class space    used 4164K, capacity 4321K, committed 4352K, reserved 1048576K
Event: 14.270 GC heap after
Heap after GC invocations=11 (full 1):
 PSYoungGen      total 96768K, used 7666K [0x00000000e0000000, 0x00000000e6a80000, 0x0000000100000000)
  eden space 89088K, 0% used [0x00000000e0000000,0x00000000e0000000,0x00000000e5700000)
  from space 7680K, 99% used [0x00000000e6000000,0x00000000e677cb40,0x00000000e6780000)
  to   space 9216K, 0% used [0x00000000e5700000,0x00000000e5700000,0x00000000e6000000)
 ParOldGen       total 32256K, used 9129K [0x00000000a0000000, 0x00000000a1f80000, 0x00000000e0000000)
  object space 32256K, 28% used [0x00000000a0000000,0x00000000a08ea5e0,0x00000000a1f80000)
 Metaspace       used 29948K, capacity 30334K, committed 30464K, reserved 1075200K
  class space    used 4164K, capacity 4321K, committed 4352K, reserved 1048576K
}
Event: 15.175 GC heap before
{Heap before GC invocations=12 (full 1):
 PSYoungGen      total 96768K, used 36967K [0x00000000e0000000, 0x00000000e6a80000, 0x0000000100000000)
  eden space 89088K, 32% used [0x00000000e0000000,0x00000000e1c9d480,0x00000000e5700000)
  from space 7680K, 99% used [0x00000000e6000000,0x00000000e677cb40,0x00000000e6780000)
  to   space 9216K, 0% used [0x00000000e5700000,0x00000000e5700000,0x00000000e6000000)
 ParOldGen       total 32256K, used 9129K [0x00000000a0000000, 0x00000000a1f80000, 0x00000000e0000000)
  object space 32256K, 28% used [0x00000000a0000000,0x00000000a08ea5e0,0x00000000a1f80000)
 Metaspace       used 34767K, capacity 35298K, committed 35416K, reserved 1079296K
  class space    used 4799K, capacity 5023K, committed 5120K, reserved 1048576K
Event: 15.195 GC heap after
Heap after GC invocations=12 (full 1):
 PSYoungGen      total 98304K, used 4253K [0x00000000e0000000, 0x00000000e8c80000, 0x0000000100000000)
  eden space 89088K, 0% used [0x00000000e0000000,0x00000000e0000000,0x00000000e5700000)
  from space 9216K, 46% used [0x00000000e5700000,0x00000000e5b274a8,0x00000000e6000000)
  to   space 8704K, 0% used [0x00000000e8400000,0x00000000e8400000,0x00000000e8c80000)
 ParOldGen       total 32256K, used 14362K [0x00000000a0000000, 0x00000000a1f80000, 0x00000000e0000000)
  object space 32256K, 44% used [0x00000000a0000000,0x00000000a0e069e0,0x00000000a1f80000)
 Metaspace       used 34767K, capacity 35298K, committed 35416K, reserved 1079296K
  class space    used 4799K, capacity 5023K, committed 5120K, reserved 1048576K
}
Event: 15.195 GC heap before
{Heap before GC invocations=13 (full 2):
 PSYoungGen      total 98304K, used 4253K [0x00000000e0000000, 0x00000000e8c80000, 0x0000000100000000)
  eden space 89088K, 0% used [0x00000000e0000000,0x00000000e0000000,0x00000000e5700000)
  from space 9216K, 46% used [0x00000000e5700000,0x00000000e5b274a8,0x00000000e6000000)
  to   space 8704K, 0% used [0x00000000e8400000,0x00000000e8400000,0x00000000e8c80000)
 ParOldGen       total 32256K, used 14362K [0x00000000a0000000, 0x00000000a1f80000, 0x00000000e0000000)
  object space 32256K, 44% used [0x00000000a0000000,0x00000000a0e069e0,0x00000000a1f80000)
 Metaspace       used 34767K, capacity 35298K, committed 35416K, reserved 1079296K
  class space    used 4799K, capacity 5023K, committed 5120K, reserved 1048576K
Event: 15.291 GC heap after
Heap after GC invocations=13 (full 2):
 PSYoungGen      total 98304K, used 0K [0x00000000e0000000, 0x00000000e8c80000, 0x0000000100000000)
  eden space 89088K, 0% used [0x00000000e0000000,0x00000000e0000000,0x00000000e5700000)
  from space 9216K, 0% used [0x00000000e5700000,0x00000000e5700000,0x00000000e6000000)
  to   space 8704K, 0% used [0x00000000e8400000,0x00000000e8400000,0x00000000e8c80000)
 ParOldGen       total 51712K, used 15980K [0x00000000a0000000, 0x00000000a3280000, 0x00000000e0000000)
  object space 51712K, 30% used [0x00000000a0000000,0x00000000a0f9b148,0x00000000a3280000)
 Metaspace       used 34767K, capacity 35298K, committed 35416K, reserved 1079296K
  class space    used 4799K, capacity 5023K, committed 5120K, reserved 1048576K
}
Event: 16.636 GC heap before
{Heap before GC invocations=14 (full 2):
 PSYoungGen      total 98304K, used 89088K [0x00000000e0000000, 0x00000000e8c80000, 0x0000000100000000)
  eden space 89088K, 100% used [0x00000000e0000000,0x00000000e5700000,0x00000000e5700000)
  from space 9216K, 0% used [0x00000000e5700000,0x00000000e5700000,0x00000000e6000000)
  to   space 8704K, 0% used [0x00000000e8400000,0x00000000e8400000,0x00000000e8c80000)
 ParOldGen       total 51712K, used 15980K [0x00000000a0000000, 0x00000000a3280000, 0x00000000e0000000)
  object space 51712K, 30% used [0x00000000a0000000,0x00000000a0f9b148,0x00000000a3280000)
 Metaspace       used 40277K, capacity 40986K, committed 41344K, reserved 1085440K
  class space    used 5441K, capacity 5691K, committed 5760K, reserved 1048576K
Event: 16.652 GC heap after
Heap after GC invocations=14 (full 2):
 PSYoungGen      total 125440K, used 8689K [0x00000000e0000000, 0x00000000e8c80000, 0x0000000100000000)
  eden space 116736K, 0% used [0x00000000e0000000,0x00000000e0000000,0x00000000e7200000)
  from space 8704K, 99% used [0x00000000e8400000,0x00000000e8c7c4b0,0x00000000e8c80000)
  to   space 10240K, 0% used [0x00000000e7880000,0x00000000e7880000,0x00000000e8280000)
 ParOldGen       total 51712K, used 17650K [0x00000000a0000000, 0x00000000a3280000, 0x00000000e0000000)
  object space 51712K, 34% used [0x00000000a0000000,0x00000000a113c9d8,0x00000000a3280000)
 Metaspace       used 40277K, capacity 40986K, committed 41344K, reserved 1085440K
  class space    used 5441K, capacity 5691K, committed 5760K, reserved 1048576K
}
Event: 19.036 GC heap before
{Heap before GC invocations=15 (full 2):
 PSYoungGen      total 125440K, used 125425K [0x00000000e0000000, 0x00000000e8c80000, 0x0000000100000000)
  eden space 116736K, 100% used [0x00000000e0000000,0x00000000e7200000,0x00000000e7200000)
  from space 8704K, 99% used [0x00000000e8400000,0x00000000e8c7c4b0,0x00000000e8c80000)
  to   space 10240K, 0% used [0x00000000e7880000,0x00000000e7880000,0x00000000e8280000)
 ParOldGen       total 51712K, used 17650K [0x00000000a0000000, 0x00000000a3280000, 0x00000000e0000000)
  object space 51712K, 34% used [0x00000000a0000000,0x00000000a113c9d8,0x00000000a3280000)
 Metaspace       used 51468K, capacity 52706K, committed 52992K, reserved 1095680K
  class space    used 6955K, capacity 7324K, committed 7424K, reserved 1048576K
Event: 19.065 GC heap after
Heap after GC invocations=15 (full 2):
 PSYoungGen      total 133632K, used 10238K [0x00000000e0000000, 0x00000000eb180000, 0x0000000100000000)
  eden space 123392K, 0% used [0x00000000e0000000,0x00000000e0000000,0x00000000e7880000)
  from space 10240K, 99% used [0x00000000e7880000,0x00000000e827fa98,0x00000000e8280000)
  to   space 14848K, 0% used [0x00000000ea300000,0x00000000ea300000,0x00000000eb180000)
 ParOldGen       total 51712K, used 26575K [0x00000000a0000000, 0x00000000a3280000, 0x00000000e0000000)
  object space 51712K, 51% used [0x00000000a0000000,0x00000000a19f3ff8,0x00000000a3280000)
 Metaspace       used 51468K, capacity 52706K, committed 52992K, reserved 1095680K
  class space    used 6955K, capacity 7324K, committed 7424K, reserved 1048576K
}

