# JRE version: OpenJDK Runtime Environment (8.0_152-b06) (build 1.8.0_152-release-1136-b06)
# Java VM: OpenJDK 64-Bit Server VM (25.152-b06 mixed mode windows-amd64 compressed oops)
Heap:
 PSYoungGen      total 132096K, used 55773K [0x00000000e0000000, 0x00000000eb100000, 0x0000000100000000)
  eden space 121856K, 37% used [0x00000000e0000000,0x00000000e2c7d818,0x00000000e7700000)
  from space 10240K, 99% used [0x00000000e7700000,0x00000000e80f9d88,0x00000000e8100000)
  to   space 14848K, 0% used [0x00000000ea280000,0x00000000ea280000,0x00000000eb100000)
 ParOldGen       total 51200K, used 26511K [0x00000000a0000000, 0x00000000a3200000, 0x00000000e0000000)
  object space 51200K, 51% used [0x00000000a0000000,0x00000000a19e3c30,0x00000000a3200000)
 Metaspace       used 54140K, capacity 55762K, committed 55936K, reserved 1097728K
  class space    used 7390K, capacity 7780K, committed 7808K, reserved 1048576K
GC Heap History (10 events):
Event: 14.810 GC heap before
{Heap before GC invocations=11 (full 1):
 PSYoungGen      total 71680K, used 71407K [0x00000000e0000000, 0x00000000e6800000, 0x0000000100000000)
  eden space 64512K, 100% used [0x00000000e0000000,0x00000000e3f00000,0x00000000e3f00000)
  from space 7168K, 96% used [0x00000000e3f00000,0x00000000e45bbec8,0x00000000e4600000)
  to   space 7680K, 0% used [0x00000000e6080000,0x00000000e6080000,0x00000000e6800000)
 ParOldGen       total 31744K, used 8219K [0x00000000a0000000, 0x00000000a1f00000, 0x00000000e0000000)
  object space 31744K, 25% used [0x00000000a0000000,0x00000000a0806c08,0x00000000a1f00000)
 Metaspace       used 29831K, capacity 30248K, committed 30464K, reserved 1075200K
  class space    used 4159K, capacity 4315K, committed 4352K, reserved 1048576K
Event: 14.823 GC heap after
Heap after GC invocations=11 (full 1):
 PSYoungGen      total 97280K, used 7660K [0x00000000e0000000, 0x00000000e6a00000, 0x0000000100000000)
  eden space 89600K, 0% used [0x00000000e0000000,0x00000000e0000000,0x00000000e5780000)
  from space 7680K, 99% used [0x00000000e6080000,0x00000000e67fb058,0x00000000e6800000)
  to   space 9216K, 0% used [0x00000000e5780000,0x00000000e5780000,0x00000000e6080000)
 ParOldGen       total 31744K, used 8832K [0x00000000a0000000, 0x00000000a1f00000, 0x00000000e0000000)
  object space 31744K, 27% used [0x00000000a0000000,0x00000000a08a0128,0x00000000a1f00000)
 Metaspace       used 29831K, capacity 30248K, committed 30464K, reserved 1075200K
  class space    used 4159K, capacity 4315K, committed 4352K, reserved 1048576K
}
Event: 15.761 GC heap before
{Heap before GC invocations=12 (full 1):
 PSYoungGen      total 97280K, used 38791K [0x00000000e0000000, 0x00000000e6a00000, 0x0000000100000000)
  eden space 89600K, 34% used [0x00000000e0000000,0x00000000e1e66fa0,0x00000000e5780000)
  from space 7680K, 99% used [0x00000000e6080000,0x00000000e67fb058,0x00000000e6800000)
  to   space 9216K, 0% used [0x00000000e5780000,0x00000000e5780000,0x00000000e6080000)
 ParOldGen       total 31744K, used 8832K [0x00000000a0000000, 0x00000000a1f00000, 0x00000000e0000000)
  object space 31744K, 27% used [0x00000000a0000000,0x00000000a08a0128,0x00000000a1f00000)
 Metaspace       used 34760K, capacity 35308K, committed 35416K, reserved 1079296K
  class space    used 4806K, capacity 5026K, committed 5120K, reserved 1048576K
Event: 15.774 GC heap after
Heap after GC invocations=12 (full 1):
 PSYoungGen      total 98816K, used 4601K [0x00000000e0000000, 0x00000000e8b00000, 0x0000000100000000)
  eden space 89600K, 0% used [0x00000000e0000000,0x00000000e0000000,0x00000000e5780000)
  from space 9216K, 49% used [0x00000000e5780000,0x00000000e5bfe5a8,0x00000000e6080000)
  to   space 8704K, 0% used [0x00000000e8280000,0x00000000e8280000,0x00000000e8b00000)
 ParOldGen       total 31744K, used 13788K [0x00000000a0000000, 0x00000000a1f00000, 0x00000000e0000000)
  object space 31744K, 43% used [0x00000000a0000000,0x00000000a0d773d8,0x00000000a1f00000)
 Metaspace       used 34760K, capacity 35308K, committed 35416K, reserved 1079296K
  class space    used 4806K, capacity 5026K, committed 5120K, reserved 1048576K
}
Event: 15.774 GC heap before
{Heap before GC invocations=13 (full 2):
 PSYoungGen      total 98816K, used 4601K [0x00000000e0000000, 0x00000000e8b00000, 0x0000000100000000)
  eden space 89600K, 0% used [0x00000000e0000000,0x00000000e0000000,0x00000000e5780000)
  from space 9216K, 49% used [0x00000000e5780000,0x00000000e5bfe5a8,0x00000000e6080000)
  to   space 8704K, 0% used [0x00000000e8280000,0x00000000e8280000,0x00000000e8b00000)
 ParOldGen       total 31744K, used 13788K [0x00000000a0000000, 0x00000000a1f00000, 0x00000000e0000000)
  object space 31744K, 43% used [0x00000000a0000000,0x00000000a0d773d8,0x00000000a1f00000)
 Metaspace       used 34760K, capacity 35308K, committed 35416K, reserved 1079296K
  class space    used 4806K, capacity 5026K, committed 5120K, reserved 1048576K
Event: 15.860 GC heap after
Heap after GC invocations=13 (full 2):
 PSYoungGen      total 98816K, used 0K [0x00000000e0000000, 0x00000000e8b00000, 0x0000000100000000)
  eden space 89600K, 0% used [0x00000000e0000000,0x00000000e0000000,0x00000000e5780000)
  from space 9216K, 0% used [0x00000000e5780000,0x00000000e5780000,0x00000000e6080000)
  to   space 8704K, 0% used [0x00000000e8280000,0x00000000e8280000,0x00000000e8b00000)
 ParOldGen       total 51200K, used 16003K [0x00000000a0000000, 0x00000000a3200000, 0x00000000e0000000)
  object space 51200K, 31% used [0x00000000a0000000,0x00000000a0fa0ff0,0x00000000a3200000)
 Metaspace       used 34760K, capacity 35308K, committed 35416K, reserved 1079296K
  class space    used 4806K, capacity 5026K, committed 5120K, reserved 1048576K
}
Event: 17.286 GC heap before
{Heap before GC invocations=14 (full 2):
 PSYoungGen      total 98816K, used 89600K [0x00000000e0000000, 0x00000000e8b00000, 0x0000000100000000)
  eden space 89600K, 100% used [0x00000000e0000000,0x00000000e5780000,0x00000000e5780000)
  from space 9216K, 0% used [0x00000000e5780000,0x00000000e5780000,0x00000000e6080000)
  to   space 8704K, 0% used [0x00000000e8280000,0x00000000e8280000,0x00000000e8b00000)
 ParOldGen       total 51200K, used 16003K [0x00000000a0000000, 0x00000000a3200000, 0x00000000e0000000)
  object space 51200K, 31% used [0x00000000a0000000,0x00000000a0fa0ff0,0x00000000a3200000)
 Metaspace       used 40310K, capacity 40986K, committed 41344K, reserved 1085440K
  class space    used 5450K, capacity 5691K, committed 5760K, reserved 1048576K
Event: 17.301 GC heap after
Heap after GC invocations=14 (full 2):
 PSYoungGen      total 125440K, used 8678K [0x00000000e0000000, 0x00000000e8b00000, 0x0000000100000000)
  eden space 116736K, 0% used [0x00000000e0000000,0x00000000e0000000,0x00000000e7200000)
  from space 8704K, 99% used [0x00000000e8280000,0x00000000e8af9b80,0x00000000e8b00000)
  to   space 10240K, 0% used [0x00000000e7700000,0x00000000e7700000,0x00000000e8100000)
 ParOldGen       total 51200K, used 17756K [0x00000000a0000000, 0x00000000a3200000, 0x00000000e0000000)
  object space 51200K, 34% used [0x00000000a0000000,0x00000000a1157008,0x00000000a3200000)
 Metaspace       used 40310K, capacity 40986K, committed 41344K, reserved 1085440K
  class space    used 5450K, capacity 5691K, committed 5760K, reserved 1048576K
}
Event: 19.663 GC heap before
{Heap before GC invocations=15 (full 2):
 PSYoungGen      total 125440K, used 125414K [0x00000000e0000000, 0x00000000e8b00000, 0x0000000100000000)
  eden space 116736K, 100% used [0x00000000e0000000,0x00000000e7200000,0x00000000e7200000)
  from space 8704K, 99% used [0x00000000e8280000,0x00000000e8af9b80,0x00000000e8b00000)
  to   space 10240K, 0% used [0x00000000e7700000,0x00000000e7700000,0x00000000e8100000)
 ParOldGen       total 51200K, used 17756K [0x00000000a0000000, 0x00000000a3200000, 0x00000000e0000000)
  object space 51200K, 34% used [0x00000000a0000000,0x00000000a1157008,0x00000000a3200000)
 Metaspace       used 51463K, capacity 52792K, committed 52992K, reserved 1095680K
  class space    used 6959K, capacity 7355K, committed 7424K, reserved 1048576K
Event: 19.693 GC heap after
Heap after GC invocations=15 (full 2):
 PSYoungGen      total 132096K, used 10215K [0x00000000e0000000, 0x00000000eb100000, 0x0000000100000000)
  eden space 121856K, 0% used [0x00000000e0000000,0x00000000e0000000,0x00000000e7700000)
  from space 10240K, 99% used [0x00000000e7700000,0x00000000e80f9d88,0x00000000e8100000)
  to   space 14848K, 0% used [0x00000000ea280000,0x00000000ea280000,0x00000000eb100000)
 ParOldGen       total 51200K, used 26511K [0x00000000a0000000, 0x00000000a3200000, 0x00000000e0000000)
  object space 51200K, 51% used [0x00000000a0000000,0x00000000a19e3c30,0x00000000a3200000)
 Metaspace       used 51463K, capacity 52792K, committed 52992K, reserved 1095680K
  class space    used 6959K, capacity 7355K, committed 7424K, reserved 1048576K
}

